This is pdfTeX, Version 3.141592653-2.6-1.40.25 (MiKTeX 24.1) (preloaded format=pdflatex 2024.2.20)  4 MAR 2024 09:37
entering extended mode
 restricted \write18 enabled.
 file:line:error style messages enabled.
 %&-line parsing enabled.
**"c:/Users/mmrp2/Documents/MINERVA/git/analisis-de-la-cienciometria-en-biociencias/tesis analisis de la cienciometria en biociencias/version2/tesis_minerva/document.tex"
(c:/Users/mmrp2/Documents/MINERVA/git/analisis-de-la-cienciometria-en-biociencias/tesis analisis de la cienciometria en biociencias/version2/tesis_minerva/document.tex
LaTeX2e <2023-11-01> patch level 1
L3 programming layer <2024-01-04>
(C:\Program Files\MiKTeX\tex/latex/base\book.cls
Document Class: book 2023/05/17 v1.4n Standard LaTeX document class
(C:\Program Files\MiKTeX\tex/latex/base\bk12.clo
File: bk12.clo 2023/05/17 v1.4n Standard LaTeX file (size option)
)
\c@part=\count187
\c@chapter=\count188
\c@section=\count189
\c@subsection=\count190
\c@subsubsection=\count191
\c@paragraph=\count192
\c@subparagraph=\count193
\c@figure=\count194
\c@table=\count195
\abovecaptionskip=\skip48
\belowcaptionskip=\skip49
\bibindent=\dimen140
) (C:\Users\mmrp2\AppData\Roaming\MiKTeX\tex/latex/geometry\geometry.sty
Package: geometry 2020/01/02 v5.9 Page Geometry
 (C:\Program Files\MiKTeX\tex/latex/graphics\keyval.sty
Package: keyval 2022/05/29 v1.15 key=value parser (DPC)
\KV@toks@=\toks17
) (C:\Program Files\MiKTeX\tex/generic/iftex\ifvtex.sty
Package: ifvtex 2019/10/25 v1.7 ifvtex legacy package. Use iftex instead.
 (C:\Program Files\MiKTeX\tex/generic/iftex\iftex.sty
Package: iftex 2022/02/03 v1.0f TeX engine tests
))
\Gm@cnth=\count196
\Gm@cntv=\count197
\c@Gm@tempcnt=\count198
\Gm@bindingoffset=\dimen141
\Gm@wd@mp=\dimen142
\Gm@odd@mp=\dimen143
\Gm@even@mp=\dimen144
\Gm@layoutwidth=\dimen145
\Gm@layoutheight=\dimen146
\Gm@layouthoffset=\dimen147
\Gm@layoutvoffset=\dimen148
\Gm@dimlist=\toks18
 (C:\Users\mmrp2\AppData\Roaming\MiKTeX\tex/latex/geometry\geometry.cfg)) (bachelorstitlepageUNAM.sty
Package: bachelorstitlepageUNAM 20161012
 (C:\Program Files\MiKTeX\tex/latex/graphics\graphicx.sty
Package: graphicx 2021/09/16 v1.2d Enhanced LaTeX Graphics (DPC,SPQR)
 (C:\Program Files\MiKTeX\tex/latex/graphics\graphics.sty
Package: graphics 2022/03/10 v1.4e Standard LaTeX Graphics (DPC,SPQR)
 (C:\Program Files\MiKTeX\tex/latex/graphics\trig.sty
Package: trig 2021/08/11 v1.11 sin cos tan (DPC)
) (C:\Program Files\MiKTeX\tex/latex/graphics-cfg\graphics.cfg
File: graphics.cfg 2016/06/04 v1.11 sample graphics configuration
)
Package graphics Info: Driver file: pdftex.def on input line 107.
 (C:\Program Files\MiKTeX\tex/latex/graphics-def\pdftex.def
File: pdftex.def 2022/09/22 v1.2b Graphics/color driver for pdftex
))
\Gin@req@height=\dimen149
\Gin@req@width=\dimen150
)) (C:\Program Files\MiKTeX\tex/latex/base\inputenc.sty
Package: inputenc 2021/02/14 v1.3d Input encoding file
\inpenc@prehook=\toks19
\inpenc@posthook=\toks20
) (C:\Program Files\MiKTeX\tex/latex/base\fontenc.sty
Package: fontenc 2021/04/29 v2.0v Standard LaTeX package
) (C:\Program Files\MiKTeX\tex/latex/biblatex\biblatex.sty
Package: biblatex 2023/03/05 v3.19 programmable bibliographies (PK/MW)
 (C:\Program Files\MiKTeX\tex/generic/pdftexcmds\pdftexcmds.sty
Package: pdftexcmds 2020-06-27 v0.33 Utility functions of pdfTeX for LuaTeX (HO)
 (C:\Users\mmrp2\AppData\Roaming\MiKTeX\tex/generic/infwarerr\infwarerr.sty
Package: infwarerr 2019/12/03 v1.5 Providing info/warning/error messages (HO)
) (C:\Users\mmrp2\AppData\Roaming\MiKTeX\tex/generic/ltxcmds\ltxcmds.sty
Package: ltxcmds 2023-12-04 v1.26 LaTeX kernel commands for general use (HO)
)
Package pdftexcmds Info: \pdf@primitive is available.
Package pdftexcmds Info: \pdf@ifprimitive is available.
Package pdftexcmds Info: \pdfdraftmode found.
) (C:\Program Files\MiKTeX\tex/latex/etoolbox\etoolbox.sty
Package: etoolbox 2020/10/05 v2.5k e-TeX tools for LaTeX (JAW)
\etb@tempcnta=\count199
) (C:\Users\mmrp2\AppData\Roaming\MiKTeX\tex/latex/kvoptions\kvoptions.sty
Package: kvoptions 2022-06-15 v3.15 Key value format for package options (HO)
 (C:\Users\mmrp2\AppData\Roaming\MiKTeX\tex/latex/kvsetkeys\kvsetkeys.sty
Package: kvsetkeys 2022-10-05 v1.19 Key value parser (HO)
)) (C:\Users\mmrp2\AppData\Roaming\MiKTeX\tex/latex/logreq\logreq.sty
Package: logreq 2010/08/04 v1.0 xml request logger
\lrq@indent=\count266
 (C:\Users\mmrp2\AppData\Roaming\MiKTeX\tex/latex/logreq\logreq.def
File: logreq.def 2010/08/04 v1.0 logreq spec v1.0
)) (C:\Program Files\MiKTeX\tex/latex/base\ifthen.sty
Package: ifthen 2022/04/13 v1.1d Standard LaTeX ifthen package (DPC)
) (C:\Program Files\MiKTeX\tex/latex/url\url.sty
\Urlmuskip=\muskip16
Package: url 2013/09/16  ver 3.4  Verb mode for urls, etc.
)
\c@tabx@nest=\count267
\c@listtotal=\count268
\c@listcount=\count269
\c@liststart=\count270
\c@liststop=\count271
\c@citecount=\count272
\c@citetotal=\count273
\c@multicitecount=\count274
\c@multicitetotal=\count275
\c@instcount=\count276
\c@maxnames=\count277
\c@minnames=\count278
\c@maxitems=\count279
\c@minitems=\count280
\c@citecounter=\count281
\c@maxcitecounter=\count282
\c@savedcitecounter=\count283
\c@uniquelist=\count284
\c@uniquename=\count285
\c@refsection=\count286
\c@refsegment=\count287
\c@maxextratitle=\count288
\c@maxextratitleyear=\count289
\c@maxextraname=\count290
\c@maxextradate=\count291
\c@maxextraalpha=\count292
\c@abbrvpenalty=\count293
\c@highnamepenalty=\count294
\c@lownamepenalty=\count295
\c@maxparens=\count296
\c@parenlevel=\count297
\blx@tempcnta=\count298
\blx@tempcntb=\count299
\blx@tempcntc=\count300
\c@blx@maxsection=\count301
\blx@maxsegment@0=\count302
\blx@notetype=\count303
\blx@parenlevel@text=\count304
\blx@parenlevel@foot=\count305
\blx@sectionciteorder@0=\count306
\blx@sectionciteorderinternal@0=\count307
\blx@entrysetcounter=\count308
\blx@biblioinstance=\count309
\labelnumberwidth=\skip50
\labelalphawidth=\skip51
\biblabelsep=\skip52
\bibitemsep=\skip53
\bibnamesep=\skip54
\bibinitsep=\skip55
\bibparsep=\skip56
\bibhang=\skip57
\blx@bcfin=\read2
\blx@bcfout=\write3
\blx@langwohyphens=\language79
\c@mincomprange=\count310
\c@maxcomprange=\count311
\c@mincompwidth=\count312
Package biblatex Info: Trying to load biblatex default data model...
Package biblatex Info: ... file 'blx-dm.def' found.
 (C:\Program Files\MiKTeX\tex/latex/biblatex\blx-dm.def
File: blx-dm.def 2023/03/05 v3.19 biblatex localization (PK/MW)
)
Package biblatex Info: Trying to load biblatex style data model...
Package biblatex Info: ... file 'apa.dbx' found.
 (C:\Users\mmrp2\AppData\Roaming\MiKTeX\tex/latex/biblatex-apa\apa.dbx
File: apa.dbx 2023/03/20 v9.17 APA biblatex style data model
)
Package biblatex Info: Trying to load biblatex custom data model...
Package biblatex Info: ... file 'biblatex-dm.cfg' not found.
\c@afterword=\count313
\c@savedafterword=\count314
\c@annotator=\count315
\c@savedannotator=\count316
\c@author=\count317
\c@savedauthor=\count318
\c@bookauthor=\count319
\c@savedbookauthor=\count320
\c@commentator=\count321
\c@savedcommentator=\count322
\c@editor=\count323
\c@savededitor=\count324
\c@editora=\count325
\c@savededitora=\count326
\c@editorb=\count327
\c@savededitorb=\count328
\c@editorc=\count329
\c@savededitorc=\count330
\c@foreword=\count331
\c@savedforeword=\count332
\c@holder=\count333
\c@savedholder=\count334
\c@introduction=\count335
\c@savedintroduction=\count336
\c@namea=\count337
\c@savednamea=\count338
\c@nameb=\count339
\c@savednameb=\count340
\c@namec=\count341
\c@savednamec=\count342
\c@translator=\count343
\c@savedtranslator=\count344
\c@shortauthor=\count345
\c@savedshortauthor=\count346
\c@shorteditor=\count347
\c@savedshorteditor=\count348
\c@narrator=\count349
\c@savednarrator=\count350
\c@execproducer=\count351
\c@savedexecproducer=\count352
\c@execdirector=\count353
\c@savedexecdirector=\count354
\c@with=\count355
\c@savedwith=\count356
\c@labelname=\count357
\c@savedlabelname=\count358
\c@institution=\count359
\c@savedinstitution=\count360
\c@lista=\count361
\c@savedlista=\count362
\c@listb=\count363
\c@savedlistb=\count364
\c@listc=\count365
\c@savedlistc=\count366
\c@listd=\count367
\c@savedlistd=\count368
\c@liste=\count369
\c@savedliste=\count370
\c@listf=\count371
\c@savedlistf=\count372
\c@location=\count373
\c@savedlocation=\count374
\c@organization=\count375
\c@savedorganization=\count376
\c@origlocation=\count377
\c@savedoriglocation=\count378
\c@origpublisher=\count379
\c@savedorigpublisher=\count380
\c@publisher=\count381
\c@savedpublisher=\count382
\c@language=\count383
\c@savedlanguage=\count384
\c@origlanguage=\count385
\c@savedoriglanguage=\count386
\c@citation=\count387
\c@savedcitation=\count388
\c@pageref=\count389
\c@savedpageref=\count390
\shorthandwidth=\skip58
\shortjournalwidth=\skip59
\shortserieswidth=\skip60
\shorttitlewidth=\skip61
\shortauthorwidth=\skip62
\shorteditorwidth=\skip63
\locallabelnumberwidth=\skip64
\locallabelalphawidth=\skip65
\localshorthandwidth=\skip66
\localshortjournalwidth=\skip67
\localshortserieswidth=\skip68
\localshorttitlewidth=\skip69
\localshortauthorwidth=\skip70
\localshorteditorwidth=\skip71
Package biblatex Info: Trying to load compatibility code...
Package biblatex Info: ... file 'blx-compat.def' found.
 (C:\Program Files\MiKTeX\tex/latex/biblatex\blx-compat.def
File: blx-compat.def 2023/03/05 v3.19 biblatex compatibility (PK/MW)
)
Package biblatex Info: Trying to load generic definitions...
Package biblatex Info: ... file 'biblatex.def' found.
 (C:\Program Files\MiKTeX\tex/latex/biblatex\biblatex.def
File: biblatex.def 2023/03/05 v3.19 biblatex compatibility (PK/MW)
\c@textcitecount=\count391
\c@textcitetotal=\count392
\c@textcitemaxnames=\count393
\c@biburlbigbreakpenalty=\count394
\c@biburlbreakpenalty=\count395
\c@biburlnumpenalty=\count396
\c@biburlucpenalty=\count397
\c@biburllcpenalty=\count398
\biburlbigskip=\muskip17
\biburlnumskip=\muskip18
\biburlucskip=\muskip19
\biburllcskip=\muskip20
\c@smartand=\count399
)
Package biblatex Info: Trying to load bibliography style 'apa'...
Package biblatex Info: ... file 'apa.bbx' found.
 (C:\Users\mmrp2\AppData\Roaming\MiKTeX\tex/latex/biblatex-apa\apa.bbx
File: apa.bbx 2023/03/20 v9.17 APA biblatex references style
Package biblatex Info: Trying to load bibliography style 'standard'...
Package biblatex Info: ... file 'standard.bbx' found.
 (C:\Program Files\MiKTeX\tex/latex/biblatex/bbx\standard.bbx
File: standard.bbx 2023/03/05 v3.19 biblatex bibliography style (PK/MW)
\c@bbx:relatedcount=\count400
\c@bbx:relatedtotal=\count401
)
Package biblatex Info: Delimiter 'nameyeardelim' in context 'bib' already defined, overwriting.
Package biblatex Info: Delimiter 'nameyeardelim' in context 'biblist' already defined, overwriting.
Package biblatex Info: Delimiter 'nonameyeardelim' in context 'bib' already defined, overwriting.
Package biblatex Info: Delimiter 'nonameyeardelim' in context 'biblist' already defined, overwriting.
)
Package biblatex Info: Trying to load citation style 'apa'...
Package biblatex Info: ... file 'apa.cbx' found.
 (C:\Users\mmrp2\AppData\Roaming\MiKTeX\tex/latex/biblatex-apa\apa.cbx
File: apa.cbx 2023/03/20 v9.17 APA biblatex citation style
Package biblatex Info: Delimiter 'nameyeardelim' in context '' already defined, overwriting.
Package biblatex Info: Delimiter 'andothersdelim' in context '' already defined, overwriting.
Package biblatex Info: Redefining '\fullcite'.
Package biblatex Info: Redefining '\citeauthor'.
Package biblatex Info: Redefining '\citeyear'.
Package biblatex Info: Redefining '\cite'.
Package biblatex Info: Redefining '\cites'.
Package biblatex Info: Redefining '\parencite'.
Package biblatex Info: Redefining '\parencites'.
Package biblatex Info: Redefining '\footcite'.
Package biblatex Info: Redefining '\footcites'.
Package biblatex Info: Redefining '\footcitetext'.
Package biblatex Info: Redefining '\footcitetexts'.
Package biblatex Info: Redefining '\smartcite'.
Package biblatex Info: Redefining '\smartcites'.
Package biblatex Info: Redefining '\textcite'.
Package biblatex Info: Redefining '\textcites'.
)
Package biblatex Info: Trying to load configuration file...
Package biblatex Info: ... file 'biblatex.cfg' found.
 (C:\Program Files\MiKTeX\tex/latex/biblatex\biblatex.cfg
File: biblatex.cfg 
)
Package biblatex Info: Input encoding 'utf8' detected.
Package biblatex Info: Document encoding is UTF8 ....
 (C:\Program Files\MiKTeX\tex/latex/l3kernel\expl3.sty
Package: expl3 2024-01-04 L3 programming layer (loader) 
 (C:\Program Files\MiKTeX\tex/latex/l3backend\l3backend-pdftex.def
File: l3backend-pdftex.def 2024-01-04 L3 backend support: PDF output (pdfTeX)
\l__color_backend_stack_int=\count402
\l__pdf_internal_box=\box51
))
Package biblatex Info: ... and expl3
(biblatex)             2024-01-04 L3 programming layer (loader) 
(biblatex)             is new enough (at least 2020/04/06),
(biblatex)             setting 'casechanger=expl3'.
 (C:\Program Files\MiKTeX\tex/latex/biblatex\blx-case-expl3.sty (C:\Program Files\MiKTeX\tex/latex/l3packages/xparse\xparse.sty
Package: xparse 2023-10-10 L3 Experimental document command parser
)
Package: blx-case-expl3 2023/03/05 v3.19 expl3 case changing code for biblatex
)) (C:\Program Files\MiKTeX\tex/generic/babel\babel.sty
Package: babel 2024/01/07 v24.1 The Babel package
\babel@savecnt=\count403
\U@D=\dimen151
\l@unhyphenated=\language80
 (C:\Program Files\MiKTeX\tex/generic/babel\txtbabel.def)
\bbl@readstream=\read3
\bbl@dirlevel=\count404

*************************************
* Local config file bblopts.cfg used
*
(C:\Program Files\MiKTeX\tex/latex/arabi\bblopts.cfg
File: bblopts.cfg 2005/09/08 v0.1 add Arabic and Farsi to "declared" options of babel
) (C:\Users\mmrp2\AppData\Roaming\MiKTeX\tex/latex/babel-spanish\spanish.ldf
Language: spanish.ldf 2021/05/27 v5.0q Spanish support from the babel system
\es@quottoks=\toks21
\es@quotdepth=\count405
Package babel Info: Making " an active character on input line 570.
Package babel Info: Making < an active character on input line 722.
Package babel Info: Making > an active character on input line 722.
)) (C:\Program Files\MiKTeX\tex/generic/babel/locale/es\babel-spanish.tex
Package babel Info: Importing font and identification data for spanish
(babel)             from babel-es.ini. Reported on input line 11.
) (C:\Program Files\MiKTeX\tex/latex/pgf/frontendlayer\tikz.sty (C:\Program Files\MiKTeX\tex/latex/pgf/basiclayer\pgf.sty (C:\Program Files\MiKTeX\tex/latex/pgf/utilities\pgfrcs.sty (C:\Program Files\MiKTeX\tex/generic/pgf/utilities\pgfutil-common.tex
\pgfutil@everybye=\toks22
\pgfutil@tempdima=\dimen152
\pgfutil@tempdimb=\dimen153
) (C:\Program Files\MiKTeX\tex/generic/pgf/utilities\pgfutil-latex.def
\pgfutil@abb=\box52
) (C:\Program Files\MiKTeX\tex/generic/pgf/utilities\pgfrcs.code.tex (C:\Program Files\MiKTeX\tex/generic/pgf\pgf.revision.tex)
Package: pgfrcs 2023-01-15 v3.1.10 (3.1.10)
))
Package: pgf 2023-01-15 v3.1.10 (3.1.10)
 (C:\Program Files\MiKTeX\tex/latex/pgf/basiclayer\pgfcore.sty (C:\Program Files\MiKTeX\tex/latex/pgf/systemlayer\pgfsys.sty (C:\Program Files\MiKTeX\tex/generic/pgf/systemlayer\pgfsys.code.tex
Package: pgfsys 2023-01-15 v3.1.10 (3.1.10)
 (C:\Program Files\MiKTeX\tex/generic/pgf/utilities\pgfkeys.code.tex
\pgfkeys@pathtoks=\toks23
\pgfkeys@temptoks=\toks24
 (C:\Program Files\MiKTeX\tex/generic/pgf/utilities\pgfkeyslibraryfiltered.code.tex
\pgfkeys@tmptoks=\toks25
))
\pgf@x=\dimen154
\pgf@y=\dimen155
\pgf@xa=\dimen156
\pgf@ya=\dimen157
\pgf@xb=\dimen158
\pgf@yb=\dimen159
\pgf@xc=\dimen160
\pgf@yc=\dimen161
\pgf@xd=\dimen162
\pgf@yd=\dimen163
\w@pgf@writea=\write4
\r@pgf@reada=\read4
\c@pgf@counta=\count406
\c@pgf@countb=\count407
\c@pgf@countc=\count408
\c@pgf@countd=\count409
\t@pgf@toka=\toks26
\t@pgf@tokb=\toks27
\t@pgf@tokc=\toks28
\pgf@sys@id@count=\count410
 (C:\Program Files\MiKTeX\tex/generic/pgf/systemlayer\pgf.cfg
File: pgf.cfg 2023-01-15 v3.1.10 (3.1.10)
)
Driver file for pgf: pgfsys-pdftex.def
 (C:\Program Files\MiKTeX\tex/generic/pgf/systemlayer\pgfsys-pdftex.def
File: pgfsys-pdftex.def 2023-01-15 v3.1.10 (3.1.10)
 (C:\Program Files\MiKTeX\tex/generic/pgf/systemlayer\pgfsys-common-pdf.def
File: pgfsys-common-pdf.def 2023-01-15 v3.1.10 (3.1.10)
))) (C:\Program Files\MiKTeX\tex/generic/pgf/systemlayer\pgfsyssoftpath.code.tex
File: pgfsyssoftpath.code.tex 2023-01-15 v3.1.10 (3.1.10)
\pgfsyssoftpath@smallbuffer@items=\count411
\pgfsyssoftpath@bigbuffer@items=\count412
) (C:\Program Files\MiKTeX\tex/generic/pgf/systemlayer\pgfsysprotocol.code.tex
File: pgfsysprotocol.code.tex 2023-01-15 v3.1.10 (3.1.10)
)) (C:\Program Files\MiKTeX\tex/latex/xcolor\xcolor.sty
Package: xcolor 2023/11/15 v3.01 LaTeX color extensions (UK)
 (C:\Program Files\MiKTeX\tex/latex/graphics-cfg\color.cfg
File: color.cfg 2016/01/02 v1.6 sample color configuration
)
Package xcolor Info: Driver file: pdftex.def on input line 274.
 (C:\Program Files\MiKTeX\tex/latex/graphics\mathcolor.ltx)
Package xcolor Info: Model `cmy' substituted by `cmy0' on input line 1350.
Package xcolor Info: Model `hsb' substituted by `rgb' on input line 1354.
Package xcolor Info: Model `RGB' extended on input line 1366.
Package xcolor Info: Model `HTML' substituted by `rgb' on input line 1368.
Package xcolor Info: Model `Hsb' substituted by `hsb' on input line 1369.
Package xcolor Info: Model `tHsb' substituted by `hsb' on input line 1370.
Package xcolor Info: Model `HSB' substituted by `hsb' on input line 1371.
Package xcolor Info: Model `Gray' substituted by `gray' on input line 1372.
Package xcolor Info: Model `wave' substituted by `hsb' on input line 1373.
) (C:\Program Files\MiKTeX\tex/generic/pgf/basiclayer\pgfcore.code.tex
Package: pgfcore 2023-01-15 v3.1.10 (3.1.10)
 (C:\Program Files\MiKTeX\tex/generic/pgf/math\pgfmath.code.tex (C:\Program Files\MiKTeX\tex/generic/pgf/math\pgfmathutil.code.tex) (C:\Program Files\MiKTeX\tex/generic/pgf/math\pgfmathparser.code.tex
\pgfmath@dimen=\dimen164
\pgfmath@count=\count413
\pgfmath@box=\box53
\pgfmath@toks=\toks29
\pgfmath@stack@operand=\toks30
\pgfmath@stack@operation=\toks31
) (C:\Program Files\MiKTeX\tex/generic/pgf/math\pgfmathfunctions.code.tex) (C:\Program Files\MiKTeX\tex/generic/pgf/math\pgfmathfunctions.basic.code.tex) (C:\Program Files\MiKTeX\tex/generic/pgf/math\pgfmathfunctions.trigonometric.code.tex) (C:\Program Files\MiKTeX\tex/generic/pgf/math\pgfmathfunctions.random.code.tex) (C:\Program Files\MiKTeX\tex/generic/pgf/math\pgfmathfunctions.comparison.code.tex) (C:\Program Files\MiKTeX\tex/generic/pgf/math\pgfmathfunctions.base.code.tex) (C:\Program Files\MiKTeX\tex/generic/pgf/math\pgfmathfunctions.round.code.tex) (C:\Program Files\MiKTeX\tex/generic/pgf/math\pgfmathfunctions.misc.code.tex) (C:\Program Files\MiKTeX\tex/generic/pgf/math\pgfmathfunctions.integerarithmetics.code.tex) (C:\Program Files\MiKTeX\tex/generic/pgf/math\pgfmathcalc.code.tex) (C:\Program Files\MiKTeX\tex/generic/pgf/math\pgfmathfloat.code.tex
\c@pgfmathroundto@lastzeros=\count414
)) (C:\Program Files\MiKTeX\tex/generic/pgf/math\pgfint.code.tex) (C:\Program Files\MiKTeX\tex/generic/pgf/basiclayer\pgfcorepoints.code.tex
File: pgfcorepoints.code.tex 2023-01-15 v3.1.10 (3.1.10)
\pgf@picminx=\dimen165
\pgf@picmaxx=\dimen166
\pgf@picminy=\dimen167
\pgf@picmaxy=\dimen168
\pgf@pathminx=\dimen169
\pgf@pathmaxx=\dimen170
\pgf@pathminy=\dimen171
\pgf@pathmaxy=\dimen172
\pgf@xx=\dimen173
\pgf@xy=\dimen174
\pgf@yx=\dimen175
\pgf@yy=\dimen176
\pgf@zx=\dimen177
\pgf@zy=\dimen178
) (C:\Program Files\MiKTeX\tex/generic/pgf/basiclayer\pgfcorepathconstruct.code.tex
File: pgfcorepathconstruct.code.tex 2023-01-15 v3.1.10 (3.1.10)
\pgf@path@lastx=\dimen179
\pgf@path@lasty=\dimen180
) (C:\Program Files\MiKTeX\tex/generic/pgf/basiclayer\pgfcorepathusage.code.tex
File: pgfcorepathusage.code.tex 2023-01-15 v3.1.10 (3.1.10)
\pgf@shorten@end@additional=\dimen181
\pgf@shorten@start@additional=\dimen182
) (C:\Program Files\MiKTeX\tex/generic/pgf/basiclayer\pgfcorescopes.code.tex
File: pgfcorescopes.code.tex 2023-01-15 v3.1.10 (3.1.10)
\pgfpic=\box54
\pgf@hbox=\box55
\pgf@layerbox@main=\box56
\pgf@picture@serial@count=\count415
) (C:\Program Files\MiKTeX\tex/generic/pgf/basiclayer\pgfcoregraphicstate.code.tex
File: pgfcoregraphicstate.code.tex 2023-01-15 v3.1.10 (3.1.10)
\pgflinewidth=\dimen183
) (C:\Program Files\MiKTeX\tex/generic/pgf/basiclayer\pgfcoretransformations.code.tex
File: pgfcoretransformations.code.tex 2023-01-15 v3.1.10 (3.1.10)
\pgf@pt@x=\dimen184
\pgf@pt@y=\dimen185
\pgf@pt@temp=\dimen186
) (C:\Program Files\MiKTeX\tex/generic/pgf/basiclayer\pgfcorequick.code.tex
File: pgfcorequick.code.tex 2023-01-15 v3.1.10 (3.1.10)
) (C:\Program Files\MiKTeX\tex/generic/pgf/basiclayer\pgfcoreobjects.code.tex
File: pgfcoreobjects.code.tex 2023-01-15 v3.1.10 (3.1.10)
) (C:\Program Files\MiKTeX\tex/generic/pgf/basiclayer\pgfcorepathprocessing.code.tex
File: pgfcorepathprocessing.code.tex 2023-01-15 v3.1.10 (3.1.10)
) (C:\Program Files\MiKTeX\tex/generic/pgf/basiclayer\pgfcorearrows.code.tex
File: pgfcorearrows.code.tex 2023-01-15 v3.1.10 (3.1.10)
\pgfarrowsep=\dimen187
) (C:\Program Files\MiKTeX\tex/generic/pgf/basiclayer\pgfcoreshade.code.tex
File: pgfcoreshade.code.tex 2023-01-15 v3.1.10 (3.1.10)
\pgf@max=\dimen188
\pgf@sys@shading@range@num=\count416
\pgf@shadingcount=\count417
) (C:\Program Files\MiKTeX\tex/generic/pgf/basiclayer\pgfcoreimage.code.tex
File: pgfcoreimage.code.tex 2023-01-15 v3.1.10 (3.1.10)
) (C:\Program Files\MiKTeX\tex/generic/pgf/basiclayer\pgfcoreexternal.code.tex
File: pgfcoreexternal.code.tex 2023-01-15 v3.1.10 (3.1.10)
\pgfexternal@startupbox=\box57
) (C:\Program Files\MiKTeX\tex/generic/pgf/basiclayer\pgfcorelayers.code.tex
File: pgfcorelayers.code.tex 2023-01-15 v3.1.10 (3.1.10)
) (C:\Program Files\MiKTeX\tex/generic/pgf/basiclayer\pgfcoretransparency.code.tex
File: pgfcoretransparency.code.tex 2023-01-15 v3.1.10 (3.1.10)
) (C:\Program Files\MiKTeX\tex/generic/pgf/basiclayer\pgfcorepatterns.code.tex
File: pgfcorepatterns.code.tex 2023-01-15 v3.1.10 (3.1.10)
) (C:\Program Files\MiKTeX\tex/generic/pgf/basiclayer\pgfcorerdf.code.tex
File: pgfcorerdf.code.tex 2023-01-15 v3.1.10 (3.1.10)
))) (C:\Program Files\MiKTeX\tex/generic/pgf/modules\pgfmoduleshapes.code.tex
File: pgfmoduleshapes.code.tex 2023-01-15 v3.1.10 (3.1.10)
\pgfnodeparttextbox=\box58
) (C:\Program Files\MiKTeX\tex/generic/pgf/modules\pgfmoduleplot.code.tex
File: pgfmoduleplot.code.tex 2023-01-15 v3.1.10 (3.1.10)
) (C:\Program Files\MiKTeX\tex/latex/pgf/compatibility\pgfcomp-version-0-65.sty
Package: pgfcomp-version-0-65 2023-01-15 v3.1.10 (3.1.10)
\pgf@nodesepstart=\dimen189
\pgf@nodesepend=\dimen190
) (C:\Program Files\MiKTeX\tex/latex/pgf/compatibility\pgfcomp-version-1-18.sty
Package: pgfcomp-version-1-18 2023-01-15 v3.1.10 (3.1.10)
)) (C:\Program Files\MiKTeX\tex/latex/pgf/utilities\pgffor.sty (C:\Program Files\MiKTeX\tex/latex/pgf/utilities\pgfkeys.sty (C:\Program Files\MiKTeX\tex/generic/pgf/utilities\pgfkeys.code.tex)) (C:\Program Files\MiKTeX\tex/latex/pgf/math\pgfmath.sty (C:\Program Files\MiKTeX\tex/generic/pgf/math\pgfmath.code.tex)) (C:\Program Files\MiKTeX\tex/generic/pgf/utilities\pgffor.code.tex
Package: pgffor 2023-01-15 v3.1.10 (3.1.10)
\pgffor@iter=\dimen191
\pgffor@skip=\dimen192
\pgffor@stack=\toks32
\pgffor@toks=\toks33
)) (C:\Program Files\MiKTeX\tex/generic/pgf/frontendlayer/tikz\tikz.code.tex
Package: tikz 2023-01-15 v3.1.10 (3.1.10)
 (C:\Program Files\MiKTeX\tex/generic/pgf/libraries\pgflibraryplothandlers.code.tex
File: pgflibraryplothandlers.code.tex 2023-01-15 v3.1.10 (3.1.10)
\pgf@plot@mark@count=\count418
\pgfplotmarksize=\dimen193
)
\tikz@lastx=\dimen194
\tikz@lasty=\dimen195
\tikz@lastxsaved=\dimen196
\tikz@lastysaved=\dimen197
\tikz@lastmovetox=\dimen198
\tikz@lastmovetoy=\dimen199
\tikzleveldistance=\dimen256
\tikzsiblingdistance=\dimen257
\tikz@figbox=\box59
\tikz@figbox@bg=\box60
\tikz@tempbox=\box61
\tikz@tempbox@bg=\box62
\tikztreelevel=\count419
\tikznumberofchildren=\count420
\tikznumberofcurrentchild=\count421
\tikz@fig@count=\count422
 (C:\Program Files\MiKTeX\tex/generic/pgf/modules\pgfmodulematrix.code.tex
File: pgfmodulematrix.code.tex 2023-01-15 v3.1.10 (3.1.10)
\pgfmatrixcurrentrow=\count423
\pgfmatrixcurrentcolumn=\count424
\pgf@matrix@numberofcolumns=\count425
)
\tikz@expandcount=\count426
 (C:\Program Files\MiKTeX\tex/generic/pgf/frontendlayer/tikz/libraries\tikzlibrarytopaths.code.tex
File: tikzlibrarytopaths.code.tex 2023-01-15 v3.1.10 (3.1.10)
))) (C:\Users\mmrp2\AppData\Roaming\MiKTeX\tex/latex/tocloft\tocloft.sty
Package: tocloft 2017/08/31 v2.3i parameterised ToC, etc., typesetting
Package tocloft Info: The document has chapter divisions on input line 51.
\cftparskip=\skip72
\cftbeforetoctitleskip=\skip73
\cftaftertoctitleskip=\skip74
\cftbeforepartskip=\skip75
\cftpartnumwidth=\skip76
\cftpartindent=\skip77
\cftbeforechapskip=\skip78
\cftchapindent=\skip79
\cftchapnumwidth=\skip80
\cftbeforesecskip=\skip81
\cftsecindent=\skip82
\cftsecnumwidth=\skip83
\cftbeforesubsecskip=\skip84
\cftsubsecindent=\skip85
\cftsubsecnumwidth=\skip86
\cftbeforesubsubsecskip=\skip87
\cftsubsubsecindent=\skip88
\cftsubsubsecnumwidth=\skip89
\cftbeforeparaskip=\skip90
\cftparaindent=\skip91
\cftparanumwidth=\skip92
\cftbeforesubparaskip=\skip93
\cftsubparaindent=\skip94
\cftsubparanumwidth=\skip95
\cftbeforeloftitleskip=\skip96
\cftafterloftitleskip=\skip97
\cftbeforefigskip=\skip98
\cftfigindent=\skip99
\cftfignumwidth=\skip100
\c@lofdepth=\count427
\c@lotdepth=\count428
\cftbeforelottitleskip=\skip101
\cftafterlottitleskip=\skip102
\cftbeforetabskip=\skip103
\cfttabindent=\skip104
\cfttabnumwidth=\skip105
) (C:\Program Files\MiKTeX\tex/latex/amsmath\amsmath.sty
Package: amsmath 2023/05/13 v2.17o AMS math features
\@mathmargin=\skip106

For additional information on amsmath, use the `?' option.
(C:\Program Files\MiKTeX\tex/latex/amsmath\amstext.sty
Package: amstext 2021/08/26 v2.01 AMS text
 (C:\Program Files\MiKTeX\tex/latex/amsmath\amsgen.sty
File: amsgen.sty 1999/11/30 v2.0 generic functions
\@emptytoks=\toks34
\ex@=\dimen258
)) (C:\Program Files\MiKTeX\tex/latex/amsmath\amsbsy.sty
Package: amsbsy 1999/11/29 v1.2d Bold Symbols
\pmbraise@=\dimen259
) (C:\Program Files\MiKTeX\tex/latex/amsmath\amsopn.sty
Package: amsopn 2022/04/08 v2.04 operator names
)
\inf@bad=\count429
LaTeX Info: Redefining \frac on input line 234.
\uproot@=\count430
\leftroot@=\count431
LaTeX Info: Redefining \overline on input line 399.
LaTeX Info: Redefining \colon on input line 410.
\classnum@=\count432
\DOTSCASE@=\count433
LaTeX Info: Redefining \ldots on input line 496.
LaTeX Info: Redefining \dots on input line 499.
LaTeX Info: Redefining \cdots on input line 620.
\Mathstrutbox@=\box63
\strutbox@=\box64
LaTeX Info: Redefining \big on input line 722.
LaTeX Info: Redefining \Big on input line 723.
LaTeX Info: Redefining \bigg on input line 724.
LaTeX Info: Redefining \Bigg on input line 725.
\big@size=\dimen260
LaTeX Font Info:    Redeclaring font encoding OML on input line 743.
LaTeX Font Info:    Redeclaring font encoding OMS on input line 744.
\macc@depth=\count434
LaTeX Info: Redefining \bmod on input line 905.
LaTeX Info: Redefining \pmod on input line 910.
LaTeX Info: Redefining \smash on input line 940.
LaTeX Info: Redefining \relbar on input line 970.
LaTeX Info: Redefining \Relbar on input line 971.
\c@MaxMatrixCols=\count435
\dotsspace@=\muskip21
\c@parentequation=\count436
\dspbrk@lvl=\count437
\tag@help=\toks35
\row@=\count438
\column@=\count439
\maxfields@=\count440
\andhelp@=\toks36
\eqnshift@=\dimen261
\alignsep@=\dimen262
\tagshift@=\dimen263
\tagwidth@=\dimen264
\totwidth@=\dimen265
\lineht@=\dimen266
\@envbody=\toks37
\multlinegap=\skip107
\multlinetaggap=\skip108
\mathdisplay@stack=\toks38
LaTeX Info: Redefining \[ on input line 2953.
LaTeX Info: Redefining \] on input line 2954.
) (C:\Program Files\MiKTeX\tex/latex/blindtext\blindtext.sty
Package: blindtext 2012/01/06 V2.0 blindtext-Package
 (C:\Program Files\MiKTeX\tex/latex/tools\xspace.sty
Package: xspace 2014/10/28 v1.13 Space after command names (DPC,MH)
)
\c@blindtext=\count441
\c@Blindtext=\count442
\c@blind@countparstart=\count443
\blind@countxx=\count444
\blindtext@numBlindtext=\count445
\blind@countyy=\count446
\c@blindlist=\count447
\c@blindlistlevel=\count448
\c@blindlist@level=\count449
\blind@listitem=\count450
\c@blind@listcount=\count451
\c@blind@levelcount=\count452
\blind@mathformula=\count453
\blind@Mathformula=\count454
\c@blind@randomcount=\count455
\c@blind@randommax=\count456
\c@blind@pangramcount=\count457
\c@blind@pangrammax=\count458
) (C:\Program Files\MiKTeX\tex/latex/tools\longtable.sty
Package: longtable 2023-11-01 v4.19 Multi-page Table package (DPC)
\LTleft=\skip109
\LTright=\skip110
\LTpre=\skip111
\LTpost=\skip112
\LTchunksize=\count459
\LTcapwidth=\dimen267
\LT@head=\box65
\LT@firsthead=\box66
\LT@foot=\box67
\LT@lastfoot=\box68
\LT@gbox=\box69
\LT@cols=\count460
\LT@rows=\count461
\c@LT@tables=\count462
\c@LT@chunks=\count463
\LT@p@ftn=\toks39
) (C:\Program Files\MiKTeX\tex/latex/hyperref\hyperref.sty
Package: hyperref 2023-11-26 v7.01g Hypertext links for LaTeX
 (C:\Users\mmrp2\AppData\Roaming\MiKTeX\tex/generic/kvdefinekeys\kvdefinekeys.sty
Package: kvdefinekeys 2019-12-19 v1.6 Define keys (HO)
) (C:\Users\mmrp2\AppData\Roaming\MiKTeX\tex/generic/pdfescape\pdfescape.sty
Package: pdfescape 2019/12/09 v1.15 Implements pdfTeX's escape features (HO)
) (C:\Users\mmrp2\AppData\Roaming\MiKTeX\tex/latex/hycolor\hycolor.sty
Package: hycolor 2020-01-27 v1.10 Color options for hyperref/bookmark (HO)
) (C:\Users\mmrp2\AppData\Roaming\MiKTeX\tex/latex/letltxmacro\letltxmacro.sty
Package: letltxmacro 2019/12/03 v1.6 Let assignment for LaTeX macros (HO)
) (C:\Users\mmrp2\AppData\Roaming\MiKTeX\tex/latex/auxhook\auxhook.sty
Package: auxhook 2019-12-17 v1.6 Hooks for auxiliary files (HO)
) (C:\Program Files\MiKTeX\tex/latex/hyperref\nameref.sty
Package: nameref 2023-11-26 v2.56 Cross-referencing by name of section
 (C:\Users\mmrp2\AppData\Roaming\MiKTeX\tex/latex/refcount\refcount.sty
Package: refcount 2019/12/15 v3.6 Data extraction from label references (HO)
) (C:\Users\mmrp2\AppData\Roaming\MiKTeX\tex/generic/gettitlestring\gettitlestring.sty
Package: gettitlestring 2019/12/15 v1.6 Cleanup title references (HO)
)
\c@section@level=\count464
)
\@linkdim=\dimen268
\Hy@linkcounter=\count465
\Hy@pagecounter=\count466
 (C:\Program Files\MiKTeX\tex/latex/hyperref\pd1enc.def
File: pd1enc.def 2023-11-26 v7.01g Hyperref: PDFDocEncoding definition (HO)
Now handling font encoding PD1 ...
... no UTF-8 mapping file for font encoding PD1
) (C:\Users\mmrp2\AppData\Roaming\MiKTeX\tex/generic/intcalc\intcalc.sty
Package: intcalc 2019/12/15 v1.3 Expandable calculations with integers (HO)
)
\Hy@SavedSpaceFactor=\count467
 (C:\Program Files\MiKTeX\tex/latex/hyperref\puenc.def
File: puenc.def 2023-11-26 v7.01g Hyperref: PDF Unicode definition (HO)
Now handling font encoding PU ...
... no UTF-8 mapping file for font encoding PU
)
Package hyperref Info: Hyper figures OFF on input line 4181.
Package hyperref Info: Link nesting OFF on input line 4186.
Package hyperref Info: Hyper index ON on input line 4189.
Package hyperref Info: Plain pages OFF on input line 4196.
Package hyperref Info: Backreferencing OFF on input line 4201.
Package hyperref Info: Implicit mode ON; LaTeX internals redefined.
Package hyperref Info: Bookmarks ON on input line 4448.
\c@Hy@tempcnt=\count468
LaTeX Info: Redefining \url on input line 4786.
\XeTeXLinkMargin=\dimen269
 (C:\Users\mmrp2\AppData\Roaming\MiKTeX\tex/generic/bitset\bitset.sty
Package: bitset 2019/12/09 v1.3 Handle bit-vector datatype (HO)
 (C:\Users\mmrp2\AppData\Roaming\MiKTeX\tex/generic/bigintcalc\bigintcalc.sty
Package: bigintcalc 2019/12/15 v1.5 Expandable calculations on big integers (HO)
))
\Fld@menulength=\count469
\Field@Width=\dimen270
\Fld@charsize=\dimen271
Package hyperref Info: Hyper figures OFF on input line 6065.
Package hyperref Info: Link nesting OFF on input line 6070.
Package hyperref Info: Hyper index ON on input line 6073.
Package hyperref Info: backreferencing OFF on input line 6080.
Package hyperref Info: Link coloring OFF on input line 6085.
Package hyperref Info: Link coloring with OCG OFF on input line 6090.
Package hyperref Info: PDF/A mode OFF on input line 6095.
 (C:\Program Files\MiKTeX\tex/latex/base\atbegshi-ltx.sty
Package: atbegshi-ltx 2021/01/10 v1.0c Emulation of the original atbegshi
package with kernel methods
)
\Hy@abspage=\count470
\c@Item=\count471
\c@Hfootnote=\count472
)
Package hyperref Info: Driver (autodetected): hpdftex.
 (C:\Program Files\MiKTeX\tex/latex/hyperref\hpdftex.def
File: hpdftex.def 2023-11-26 v7.01g Hyperref driver for pdfTeX
 (C:\Program Files\MiKTeX\tex/latex/base\atveryend-ltx.sty
Package: atveryend-ltx 2020/08/19 v1.0a Emulation of the original atveryend package
with kernel methods
)
\Fld@listcount=\count473
\c@bookmark@seq@number=\count474
 (C:\Users\mmrp2\AppData\Roaming\MiKTeX\tex/latex/rerunfilecheck\rerunfilecheck.sty
Package: rerunfilecheck 2022-07-10 v1.10 Rerun checks for auxiliary files (HO)
 (C:\Users\mmrp2\AppData\Roaming\MiKTeX\tex/generic/uniquecounter\uniquecounter.sty
Package: uniquecounter 2019/12/15 v1.4 Provide unlimited unique counter (HO)
)
Package uniquecounter Info: New unique counter `rerunfilecheck' on input line 285.
)
\Hy@SectionHShift=\skip113
)
Package hyperref Info: Option `colorlinks' set `true' on input line 25.
 (C:\Users\mmrp2\AppData\Roaming\MiKTeX\tex/latex/multirow\multirow.sty
Package: multirow 2021/03/15 v2.8 Span multiple rows of a table
\multirow@colwidth=\skip114
\multirow@cntb=\count475
\multirow@dima=\skip115
\bigstrutjot=\dimen272
) (C:\Users\mmrp2\AppData\Roaming\MiKTeX\tex/latex/colortbl\colortbl.sty
Package: colortbl 2022/06/20 v1.0f Color table columns (DPC)
 (C:\Program Files\MiKTeX\tex/latex/tools\array.sty
Package: array 2023/10/16 v2.5g Tabular extension package (FMi)
\col@sep=\dimen273
\ar@mcellbox=\box70
\extrarowheight=\dimen274
\NC@list=\toks40
\extratabsurround=\skip116
\backup@length=\skip117
\ar@cellbox=\box71
)
\everycr=\toks41
\minrowclearance=\skip118
\rownum=\count476
) (C:\Users\mmrp2\AppData\Roaming\MiKTeX\tex/latex/float\float.sty
Package: float 2001/11/08 v1.3d Float enhancements (AL)
\c@float@type=\count477
\float@exts=\toks42
\float@box=\box72
\@float@everytoks=\toks43
\@floatcapt=\box73
) (C:\Program Files\MiKTeX\tex/latex/amsfonts\amssymb.sty
Package: amssymb 2013/01/14 v3.01 AMS font symbols
 (C:\Program Files\MiKTeX\tex/latex/amsfonts\amsfonts.sty
Package: amsfonts 2013/01/14 v3.01 Basic AMSFonts support
\symAMSa=\mathgroup4
\symAMSb=\mathgroup5
LaTeX Font Info:    Redeclaring math symbol \hbar on input line 98.
LaTeX Font Info:    Overwriting math alphabet `\mathfrak' in version `bold'
(Font)                  U/euf/m/n --> U/euf/b/n on input line 106.
)) (C:\Program Files\MiKTeX\tex/latex/listings\listings.sty
\lst@mode=\count478
\lst@gtempboxa=\box74
\lst@token=\toks44
\lst@length=\count479
\lst@currlwidth=\dimen275
\lst@column=\count480
\lst@pos=\count481
\lst@lostspace=\dimen276
\lst@width=\dimen277
\lst@newlines=\count482
\lst@lineno=\count483
\lst@maxwidth=\dimen278
 (C:\Program Files\MiKTeX\tex/latex/listings\lstmisc.sty
File: lstmisc.sty 2023/02/27 1.9 (Carsten Heinz)
\c@lstnumber=\count484
\lst@skipnumbers=\count485
\lst@framebox=\box75
) (C:\Program Files\MiKTeX\tex/latex/listings\listings.cfg
File: listings.cfg 2023/02/27 1.9 listings configuration
))
Package: listings 2023/02/27 1.9 (Carsten Heinz)
 (C:\Users\mmrp2\AppData\Roaming\MiKTeX\tex/latex/bbm\bbm.sty
Package: bbm 1999/03/15 V 1.2 provides fonts for set symbols - TH
LaTeX Font Info:    Overwriting math alphabet `\mathbbm' in version `bold'
(Font)                  U/bbm/m/n --> U/bbm/bx/n on input line 33.
LaTeX Font Info:    Overwriting math alphabet `\mathbbmss' in version `bold'
(Font)                  U/bbmss/m/n --> U/bbmss/bx/n on input line 35.
) (C:\Program Files\MiKTeX\tex/latex/tools\bm.sty
Package: bm 2023/07/08 v1.2f Bold Symbol Support (DPC/FMi)
\symboldoperators=\mathgroup6
\symboldletters=\mathgroup7
\symboldsymbols=\mathgroup8
Package bm Info: No bold for \OMX/cmex/m/n, using \pmb.
Package bm Info: No bold for \U/msa/m/n, using \pmb.
Package bm Info: No bold for \U/msb/m/n, using \pmb.
LaTeX Font Info:    Redeclaring math alphabet \mathbf on input line 149.
) (C:\Users\mmrp2\AppData\Roaming\MiKTeX\tex/latex/mathtools\mathtools.sty
Package: mathtools 2022/06/29 v1.29 mathematical typesetting tools
 (C:\Program Files\MiKTeX\tex/latex/tools\calc.sty
Package: calc 2023/07/08 v4.3 Infix arithmetic (KKT,FJ)
\calc@Acount=\count486
\calc@Bcount=\count487
\calc@Adimen=\dimen279
\calc@Bdimen=\dimen280
\calc@Askip=\skip119
\calc@Bskip=\skip120
LaTeX Info: Redefining \setlength on input line 80.
LaTeX Info: Redefining \addtolength on input line 81.
\calc@Ccount=\count488
\calc@Cskip=\skip121
) (C:\Users\mmrp2\AppData\Roaming\MiKTeX\tex/latex/mathtools\mhsetup.sty
Package: mhsetup 2021/03/18 v1.4 programming setup (MH)
)
\g_MT_multlinerow_int=\count489
\l_MT_multwidth_dim=\dimen281
\origjot=\skip122
\l_MT_shortvdotswithinadjustabove_dim=\dimen282
\l_MT_shortvdotswithinadjustbelow_dim=\dimen283
\l_MT_above_intertext_sep=\dimen284
\l_MT_below_intertext_sep=\dimen285
\l_MT_above_shortintertext_sep=\dimen286
\l_MT_below_shortintertext_sep=\dimen287
\xmathstrut@box=\box76
\xmathstrut@dim=\dimen288
) (C:\Users\mmrp2\AppData\Roaming\MiKTeX\tex/latex/matlab-prettifier\matlab-prettifier.sty
Package: matlab-prettifier 2014/06/19 v0.3 A package for prettyprinting Matlab source code
 (C:\Program Files\MiKTeX\tex/latex/base\textcomp.sty
Package: textcomp 2020/02/02 v2.0n Standard LaTeX package
)
\netBracketCount@mlpr=\count490
\blkLvl@mlpr=\count491
\blkLvlAtClassdef@mlpr=\count492
\emHeight@mlpr=\skip123
\jayDepth@mlpr=\skip124
\sectionRuleOffset@mlpr=\skip125
\toks@mlpr=\toks45
) (C:\Users\mmrp2\AppData\Roaming\MiKTeX\tex/latex/amscls\amsthm.sty
Package: amsthm 2020/05/29 v2.20.6
\thm@style=\toks46
\thm@bodyfont=\toks47
\thm@headfont=\toks48
\thm@notefont=\toks49
\thm@headpunct=\toks50
\thm@preskip=\skip126
\thm@postskip=\skip127
\thm@headsep=\skip128
\dth@everypar=\toks51
) (C:\Users\mmrp2\AppData\Roaming\MiKTeX\tex/latex/titlesec\titlesec.sty
Package: titlesec 2023/10/27 v2.16 Sectioning titles
\ttl@box=\box77
\beforetitleunit=\skip129
\aftertitleunit=\skip130
\ttl@plus=\dimen289
\ttl@minus=\dimen290
\ttl@toksa=\toks52
\titlewidth=\dimen291
\titlewidthlast=\dimen292
\titlewidthfirst=\dimen293
) (C:\Users\mmrp2\AppData\Roaming\MiKTeX\tex/latex/setspace\setspace.sty
Package: setspace 2022/12/04 v6.7b set line spacing
)
\c@theorem=\count493


Package biblatex Warning: 'babel/polyglossia' detected but 'csquotes' missing.
(biblatex)                Loading 'csquotes' recommended.

\@quotelevel=\count494
\@quotereset=\count495
(c:\Users\mmrp2\Documents\MINERVA\git\analisis-de-la-cienciometria-en-biociencias\tesis analisis de la cienciometria en biociencias\version2\tesis_minerva\build\document.aux
LaTeX Info: Redefining \. on input line 12.
LaTeX Info: Redefining \% on input line 12.
 (c:\Users\mmrp2\Documents\MINERVA\git\analisis-de-la-cienciometria-en-biociencias\tesis analisis de la cienciometria en biociencias\version2\tesis_minerva\build\introduccion.aux) (c:\Users\mmrp2\Documents\MINERVA\git\analisis-de-la-cienciometria-en-biociencias\tesis analisis de la cienciometria en biociencias\version2\tesis_minerva\build\material_metodo.aux) (c:\Users\mmrp2\Documents\MINERVA\git\analisis-de-la-cienciometria-en-biociencias\tesis analisis de la cienciometria en biociencias\version2\tesis_minerva\build\resultados.aux) (c:\Users\mmrp2\Documents\MINERVA\git\analisis-de-la-cienciometria-en-biociencias\tesis analisis de la cienciometria en biociencias\version2\tesis_minerva\build\discusion.aux) (c:\Users\mmrp2\Documents\MINERVA\git\analisis-de-la-cienciometria-en-biociencias\tesis analisis de la cienciometria en biociencias\version2\tesis_minerva\build\append.aux))
\openout1 = `document.aux'.

LaTeX Font Info:    Checking defaults for OML/cmm/m/it on input line 67.
LaTeX Font Info:    ... okay on input line 67.
LaTeX Font Info:    Checking defaults for OMS/cmsy/m/n on input line 67.
LaTeX Font Info:    ... okay on input line 67.
LaTeX Font Info:    Checking defaults for OT1/cmr/m/n on input line 67.
LaTeX Font Info:    ... okay on input line 67.
LaTeX Font Info:    Checking defaults for T1/cmr/m/n on input line 67.
LaTeX Font Info:    ... okay on input line 67.
LaTeX Font Info:    Checking defaults for TS1/cmr/m/n on input line 67.
LaTeX Font Info:    ... okay on input line 67.
LaTeX Font Info:    Checking defaults for OMX/cmex/m/n on input line 67.
LaTeX Font Info:    ... okay on input line 67.
LaTeX Font Info:    Checking defaults for U/cmr/m/n on input line 67.
LaTeX Font Info:    ... okay on input line 67.
LaTeX Font Info:    Checking defaults for PD1/pdf/m/n on input line 67.
LaTeX Font Info:    ... okay on input line 67.
LaTeX Font Info:    Checking defaults for PU/pdf/m/n on input line 67.
LaTeX Font Info:    ... okay on input line 67.

*geometry* driver: auto-detecting
*geometry* detected driver: pdftex
*geometry* verbose mode - [ preamble ] result:
* driver: pdftex
* paper: letterpaper
* layout: <same size as paper>
* layoutoffset:(h,v)=(0.0pt,0.0pt)
* modes: 
* h-part:(L,W,R)=(65.04256pt, 458.91495pt, 90.3375pt)
* v-part:(T,H,B)=(72.26999pt, 650.43001pt, 72.26999pt)
* \paperwidth=614.295pt
* \paperheight=794.96999pt
* \textwidth=458.91495pt
* \textheight=650.43001pt
* \oddsidemargin=-7.22743pt
* \evensidemargin=-7.22743pt
* \topmargin=-31.8738pt
* \headheight=12.0pt
* \headsep=19.8738pt
* \topskip=12.0pt
* \footskip=30.0pt
* \marginparwidth=47.0pt
* \marginparsep=7.0pt
* \columnsep=10.0pt
* \skip\footins=10.8pt plus 4.0pt minus 2.0pt
* \hoffset=0.0pt
* \voffset=0.0pt
* \mag=1000
* \@twocolumnfalse
* \@twosidefalse
* \@mparswitchfalse
* \@reversemarginfalse
* (1in=72.27pt=25.4mm, 1cm=28.453pt)

(C:\Program Files\MiKTeX\tex/context/base/mkii\supp-pdf.mkii
[Loading MPS to PDF converter (version 2006.09.02).]
\scratchcounter=\count496
\scratchdimen=\dimen294
\scratchbox=\box78
\nofMPsegments=\count497
\nofMParguments=\count498
\everyMPshowfont=\toks53
\MPscratchCnt=\count499
\MPscratchDim=\dimen295
\MPnumerator=\count500
\makeMPintoPDFobject=\count501
\everyMPtoPDFconversion=\toks54
) (C:\Program Files\MiKTeX\tex/latex/epstopdf-pkg\epstopdf-base.sty
Package: epstopdf-base 2020-01-24 v2.11 Base part for package epstopdf
Package epstopdf-base Info: Redefining graphics rule for `.eps' on input line 485.
 (C:\Program Files\MiKTeX\tex/latex/00miktex\epstopdf-sys.cfg
File: epstopdf-sys.cfg 2021/03/18 v2.0 Configuration of epstopdf for MiKTeX
))
Package biblatex Info: Trying to load language 'spanish' -> 'spanish-apa'...
Package biblatex Info: ... file 'spanish-apa.lbx' found.
 (C:\Users\mmrp2\AppData\Roaming\MiKTeX\tex/latex/biblatex-apa\spanish-apa.lbx
File: spanish-apa.lbx 2023/03/20 v9.17 APA biblatex localisation
Package biblatex Info: Trying to load language 'spanish'...
Package biblatex Info: ... file 'spanish.lbx' found.
 (C:\Program Files\MiKTeX\tex/latex/biblatex/lbx\spanish.lbx
File: spanish.lbx 2023/03/05 v3.19 biblatex localization (PK/MW)
)
Package biblatex Info: Trying to load language 'spanish'...
Package biblatex Info: ... file 'spanish.lbx' found.
 (C:\Program Files\MiKTeX\tex/latex/biblatex/lbx\spanish.lbx
File: spanish.lbx 2023/03/05 v3.19 biblatex localization (PK/MW)
))
Package biblatex Info: Input encoding 'utf8' detected.
Package biblatex Info: Automatic encoding selection.
(biblatex)             Assuming data encoding 'utf8'.
\openout3 = `document.bcf'.

Package biblatex Info: Trying to load bibliographic data...
Package biblatex Info: ... file 'document.bbl' found.
 (c:\Users\mmrp2\Documents\MINERVA\git\analisis-de-la-cienciometria-en-biociencias\tesis analisis de la cienciometria en biociencias\version2\tesis_minerva\build\document.bbl)
Package biblatex Info: Reference section=0 on input line 67.
Package biblatex Info: Reference segment=0 on input line 67.
LaTeX Info: Redefining \sptext on input line 67.
LaTeX Info: Redefining \. on input line 67.
LaTeX Info: Redefining \% on input line 67.
Package hyperref Info: Link coloring ON on input line 67.
 (c:\Users\mmrp2\Documents\MINERVA\git\analisis-de-la-cienciometria-en-biociencias\tesis analisis de la cienciometria en biociencias\version2\tesis_minerva\build\document.out) (c:\Users\mmrp2\Documents\MINERVA\git\analisis-de-la-cienciometria-en-biociencias\tesis analisis de la cienciometria en biociencias\version2\tesis_minerva\build\document.out)
\@outlinefile=\write5
\openout5 = `document.out'.

\c@lstlisting=\count502
<Escudo-UNAM.pdf, id=118, 300.51309pt x 337.88977pt>
File: Escudo-UNAM.pdf Graphic file (type pdf)
<use Escudo-UNAM.pdf>
Package pdftex.def Info: Escudo-UNAM.pdf  used on input line 76.
(pdftex.def)             Requested size: 99.5823pt x 99.58382pt.
LaTeX Font Info:    Trying to load font information for U+msa on input line 78.
 (C:\Program Files\MiKTeX\tex/latex/amsfonts\umsa.fd
File: umsa.fd 2013/01/14 v3.01 AMS symbols A
)
LaTeX Font Info:    Trying to load font information for U+msb on input line 78.
 (C:\Program Files\MiKTeX\tex/latex/amsfonts\umsb.fd
File: umsb.fd 2013/01/14 v3.01 AMS symbols B
)
Overfull \hbox (20.23529pt too wide) in paragraph at lines 74--91
[]$[]$ $[]$ 
 []

<Escudo-FCIENCIAS.pdf, id=119, 359.74399pt x 411.136pt>
File: Escudo-FCIENCIAS.pdf Graphic file (type pdf)
<use Escudo-FCIENCIAS.pdf>
Package pdftex.def Info: Escudo-FCIENCIAS.pdf  used on input line 103.
(pdftex.def)             Requested size: 99.58037pt x 113.81102pt.

Overfull \hbox (20.23529pt too wide) in paragraph at lines 92--129
[]$[]$ $[]$ 
 []

[1



{C:/Users/mmrp2/AppData/Local/MiKTeX/fonts/map/pdftex/pdftex.map} <./Escudo-UNAM.pdf> <./Escudo-FCIENCIAS.pdf

pdfTeX warning: pdflatex (file ./Escudo-FCIENCIAS.pdf): PDF inclusion: multiple pdfs with page group included in a single page
>] (c:\Users\mmrp2\Documents\MINERVA\git\analisis-de-la-cienciometria-en-biociencias\tesis analisis de la cienciometria en biociencias\version2\tesis_minerva\build\document.toc
LaTeX Info: Redefining \sptext on input line 1.
LaTeX Info: Redefining \. on input line 1.
LaTeX Info: Redefining \% on input line 1.
)
\tf@toc=\write6
\openout6 = `document.toc'.

 [1

]
\openout2 = `introduccion.aux'.

 (introduccion.tex
  1.
[2


]
LaTeX Info: Redefining \sptext on input line 53.
LaTeX Info: Redefining \. on input line 53.
LaTeX Info: Redefining \% on input line 53.
 [3]
LaTeX Info: Redefining \sptext on input line 71.
LaTeX Info: Redefining \. on input line 71.
LaTeX Info: Redefining \% on input line 71.
 [4]
LaTeX Info: Redefining \sptext on input line 89.
LaTeX Info: Redefining \. on input line 89.
LaTeX Info: Redefining \% on input line 89.
 [5]
LaTeX Info: Redefining \sptext on input line 106.
LaTeX Info: Redefining \. on input line 106.
LaTeX Info: Redefining \% on input line 106.
 [6]
LaTeX Info: Redefining \sptext on input line 134.
LaTeX Info: Redefining \. on input line 134.
LaTeX Info: Redefining \% on input line 134.
 [7]
Underfull \hbox (badness 10000) in paragraph at lines 149--153

 []

LaTeX Info: Redefining \sptext on input line 156.
LaTeX Info: Redefining \. on input line 156.
LaTeX Info: Redefining \% on input line 156.
[8]
LaTeX Info: Redefining \sptext on input line 169.
LaTeX Info: Redefining \. on input line 169.
LaTeX Info: Redefining \% on input line 169.
 [9])
LaTeX Info: Redefining \sptext on input line 136.
LaTeX Info: Redefining \. on input line 136.
LaTeX Info: Redefining \% on input line 136.
 [10]
\openout2 = `material_metodo.aux'.

 (material_metodo.tex
  2.
[11




]
Overfull \hbox (4.926pt too wide) in paragraph at lines 41--49
[] 
 []

LaTeX Info: Redefining \sptext on input line 61.
LaTeX Info: Redefining \. on input line 61.
LaTeX Info: Redefining \% on input line 61.
[12]
Underfull \hbox (badness 10000) in paragraph at lines 61--64

 []


Overfull \hbox (10.7157pt too wide) in paragraph at lines 65--71
[] 
 []

LaTeX Info: Redefining \sptext on input line 102.
LaTeX Info: Redefining \. on input line 102.
LaTeX Info: Redefining \% on input line 102.
[13]
Overfull \hbox (12.04845pt too wide) in paragraph at lines 104--104
[]|\T1/cmr/bx/n/12 Descripción
 []


Overfull \hbox (5.65952pt too wide) in paragraph at lines 104--104
[]|\T1/cmr/bx/n/12 Origen| 
 []


Overfull \hbox (6.88377pt too wide) in paragraph at lines 104--104
[]|\T1/cmr/bx/n/12 asociado| 
 []


Overfull \hbox (4.92804pt too wide) in paragraph at lines 106--106
[]|\T1/cmr/m/n/12 Enfermedad| 
 []


Underfull \hbox (badness 2426) in paragraph at lines 106--106
[]|\T1/cmr/m/n/12 Objeto de
 []


Underfull \hbox (badness 10000) in paragraph at lines 106--106
\T1/cmr/m/n/12 es-tu-dio
 []


Underfull \hbox (badness 10000) in paragraph at lines 106--106
[]|\T1/cmr/m/n/12 Enfoque
 []


Underfull \hbox (badness 10000) in paragraph at lines 106--106
\T1/cmr/m/n/12 del es-tu-
 []


Underfull \hbox (badness 10000) in paragraph at lines 106--106
\T1/cmr/m/n/12 dio so-bre
 []


Underfull \hbox (badness 2426) in paragraph at lines 107--107
[]|\T1/cmr/m/n/12 Objeto de
 []


Underfull \hbox (badness 10000) in paragraph at lines 107--107
\T1/cmr/m/n/12 es-tu-dio
 []


Underfull \hbox (badness 10000) in paragraph at lines 107--107
[]|\T1/cmr/m/n/12 Enfoque
 []


Underfull \hbox (badness 10000) in paragraph at lines 107--107
\T1/cmr/m/n/12 del es-tu-
 []


Underfull \hbox (badness 10000) in paragraph at lines 107--107
\T1/cmr/m/n/12 dio so-bre
 []


Underfull \hbox (badness 2426) in paragraph at lines 108--108
[]|\T1/cmr/m/n/12 Objeto de
 []


Underfull \hbox (badness 10000) in paragraph at lines 108--108
\T1/cmr/m/n/12 es-tu-dio
 []


Underfull \hbox (badness 10000) in paragraph at lines 108--108
[]|\T1/cmr/m/n/12 Enfoque
 []


Underfull \hbox (badness 10000) in paragraph at lines 108--108
\T1/cmr/m/n/12 del es-tu-
 []


Underfull \hbox (badness 10000) in paragraph at lines 108--108
\T1/cmr/m/n/12 dio so-bre
 []


Underfull \hbox (badness 10000) in paragraph at lines 109--109
\T1/cmr/m/n/12 for-ma-ción
 []


Underfull \hbox (badness 10000) in paragraph at lines 110--110
[]|\T1/cmr/m/n/12 Cantidad
 []


Underfull \hbox (badness 10000) in paragraph at lines 110--110
\T1/cmr/m/n/12 de re-gis-
 []


Underfull \hbox (badness 4403) in paragraph at lines 110--110
[]|\T1/cmr/m/n/12 # de re-
 []


Underfull \hbox (badness 3803) in paragraph at lines 110--110
\T1/cmr/m/n/12 li-za-dos en
 []


Underfull \hbox (badness 10000) in paragraph at lines 111--111
[]|\T1/cmr/m/n/12 Fecha de
 []


Underfull \hbox (badness 5403) in paragraph at lines 111--111
[]|\T1/cmr/m/n/12 Fechas de
 []


Underfull \hbox (badness 10000) in paragraph at lines 111--111
\T1/cmr/m/n/12 ini-cio del
 []


Underfull \hbox (badness 10000) in paragraph at lines 112--112
[]|\T1/cmr/m/n/12 Fecha de
 []


Underfull \hbox (badness 5403) in paragraph at lines 112--112
[]|\T1/cmr/m/n/12 Fechas de
 []


Underfull \hbox (badness 10000) in paragraph at lines 113--113
[]|\T1/cmr/m/n/12 Intervalo
 []


Underfull \hbox (badness 10000) in paragraph at lines 113--113
[]|\T1/cmr/m/n/12 Intervalo
 []


Underfull \hbox (badness 2426) in paragraph at lines 113--113
\T1/cmr/m/n/12 de tiem-po
 []


Underfull \hbox (badness 10000) in paragraph at lines 114--114
[]|\T1/cmr/m/n/12 Consulta
 []


Underfull \hbox (badness 10000) in paragraph at lines 114--114
\T1/cmr/m/n/12 rea-li-za-
 []


Underfull \hbox (badness 7397) in paragraph at lines 114--114
\T1/cmr/m/n/12 da en el
 []


Underfull \hbox (badness 10000) in paragraph at lines 115--115
[]|\T1/cmr/m/n/12 Software
 []


Underfull \hbox (badness 10000) in paragraph at lines 115--115
\T1/cmr/m/n/12 uti-li-za-
 []


Underfull \hbox (badness 7397) in paragraph at lines 115--115
\T1/cmr/m/n/12 do en el
 []


Overfull \hbox (4.92804pt too wide) in paragraph at lines 118--118
[]|\T1/cmr/m/n/12 Enfermedad| 
 []


Overfull \hbox (4.92804pt too wide) in paragraph at lines 118--118
[]|\T1/cmr/m/n/12 Enfermedad
 []


Overfull \hbox (14.22987pt too wide) in paragraph at lines 119--119
[]|\T1/cmr/m/n/12 Cienciometría| 
 []


Underfull \hbox (badness 10000) in paragraph at lines 119--119
[]|\T1/cmr/m/n/12 Tipo de
 []


Underfull \hbox (badness 10000) in paragraph at lines 119--119
[]|\T1/cmr/m/n/12 Tipo de
 []


Underfull \hbox (badness 10000) in paragraph at lines 119--119
\T1/cmr/m/n/12 aná-li-sis
 []


Underfull \hbox (badness 10000) in paragraph at lines 119--119
\T1/cmr/m/n/12 mé-tri-co
 []


Overfull \hbox (6.88582pt too wide) in paragraph at lines 120--120
[]|\T1/cmr/m/n/12 Bibliometría| 
 []


Underfull \hbox (badness 10000) in paragraph at lines 120--120
[]|\T1/cmr/m/n/12 Tipo de
 []


Underfull \hbox (badness 10000) in paragraph at lines 120--120
[]|\T1/cmr/m/n/12 Tipo de
 []


Underfull \hbox (badness 10000) in paragraph at lines 120--120
\T1/cmr/m/n/12 aná-li-sis
 []


Underfull \hbox (badness 10000) in paragraph at lines 120--120
\T1/cmr/m/n/12 mé-tri-co
 []


Underfull \hbox (badness 10000) in paragraph at lines 121--121
[]|\T1/cmr/m/n/12 Tipo de
 []


Underfull \hbox (badness 10000) in paragraph at lines 121--121
[]|\T1/cmr/m/n/12 Tipos de
 []


Underfull \hbox (badness 10000) in paragraph at lines 121--121
\T1/cmr/m/n/12 tec-no-lo-gías
 []


Underfull \hbox (badness 10000) in paragraph at lines 122--122
[]|\T1/cmr/m/n/12 Tipo de
 []


Underfull \hbox (badness 10000) in paragraph at lines 122--122
[]|\T1/cmr/m/n/12 Tipos de
 []


Underfull \hbox (badness 10000) in paragraph at lines 122--122
\T1/cmr/m/n/12 tec-no-lo-gías
 []


Underfull \hbox (badness 10000) in paragraph at lines 123--123
[]|\T1/cmr/m/n/12 Tipo de
 []


Underfull \hbox (badness 10000) in paragraph at lines 123--123
[]|\T1/cmr/m/n/12 Tipos de
 []


Underfull \hbox (badness 10000) in paragraph at lines 123--123
\T1/cmr/m/n/12 tec-no-lo-gías
 []


Underfull \hbox (badness 10000) in paragraph at lines 124--124
[]|\T1/cmr/m/n/12 Base de
 []


Underfull \hbox (badness 10000) in paragraph at lines 124--124
\T1/cmr/m/n/12 uti-li-zó en
 []


Underfull \hbox (badness 4403) in paragraph at lines 125--125
[]|\T1/cmr/m/n/12 Otras DB
 []


Underfull \hbox (badness 4403) in paragraph at lines 125--125
[]|\T1/cmr/m/n/12 Otras DB
 []


Underfull \hbox (badness 10000) in paragraph at lines 125--125
\T1/cmr/m/n/12 uti-li-za-das
 []


Underfull \hbox (badness 1681) in paragraph at lines 125--125
\T1/cmr/m/n/12 du-ran-te el
 []


Overfull \hbox (11.68053pt too wide) in paragraph at lines 126--126
[]|\T1/cmr/m/n/12 Herramientas
 []


Overfull \hbox (11.68053pt too wide) in paragraph at lines 126--126
[]|\T1/cmr/m/n/12 Herramientas
 []


Underfull \hbox (badness 10000) in paragraph at lines 126--126
\T1/cmr/m/n/12 uti-li-za-das
 []


Underfull \hbox (badness 10000) in paragraph at lines 126--126
\T1/cmr/m/n/12 en el
 []


Underfull \hbox (badness 10000) in paragraph at lines 127--127
[]|\T1/cmr/m/n/12 Journal
 []


Underfull \hbox (badness 10000) in paragraph at lines 127--127
[]|\T1/cmr/m/n/12 Tipo de
 []


Underfull \hbox (badness 10000) in paragraph at lines 127--127
[]|\T1/cmr/m/n/12 Tipo de
 []


Underfull \hbox (badness 10000) in paragraph at lines 127--127
\T1/cmr/m/n/12 do-cu-men-to
 []


Underfull \hbox (badness 10000) in paragraph at lines 127--127
\T1/cmr/m/n/12 de-cuer-do
 []


Overfull \hbox (4.51035pt too wide) in paragraph at lines 127--127
[]|\T1/cmr/m/n/12 Documento| 
 []


Underfull \hbox (badness 10000) in paragraph at lines 127--127
[]|[][]$\T1/cmr/m/n/12 https : / /
 []


Overfull \hbox (2.81305pt too wide) in paragraph at lines 127--127
\T1/cmr/m/n/12 meshb-[]prev .
 []


Underfull \hbox (badness 10000) in paragraph at lines 127--127
\T1/cmr/m/n/12 nlm . nih .
 []


Underfull \hbox (badness 10000) in paragraph at lines 127--127
\T1/cmr/m/n/12 gov /
 []


Underfull \hbox (badness 10000) in paragraph at lines 127--127
\T1/cmr/m/n/12 record /
 []


Underfull \hbox (badness 10000) in paragraph at lines 127--127
\T1/cmr/m/n/12 ui ? ui =
 []


Underfull \hbox (badness 10000) in paragraph at lines 128--128
[]|\T1/cmr/m/n/12 Tipo de
 []


Underfull \hbox (badness 10000) in paragraph at lines 128--128
[]|\T1/cmr/m/n/12 Tipo de
 []


Underfull \hbox (badness 10000) in paragraph at lines 128--128
\T1/cmr/m/n/12 do-cu-men-to
 []


Underfull \hbox (badness 10000) in paragraph at lines 128--128
\T1/cmr/m/n/12 de-cuer-do
 []


Overfull \hbox (4.51035pt too wide) in paragraph at lines 128--128
[]|\T1/cmr/m/n/12 Documento| 
 []


Underfull \hbox (badness 10000) in paragraph at lines 128--128
[]|[][]$\T1/cmr/m/n/12 https : / /
 []


Overfull \hbox (2.81305pt too wide) in paragraph at lines 128--128
\T1/cmr/m/n/12 meshb-[]prev .
 []


Underfull \hbox (badness 10000) in paragraph at lines 128--128
\T1/cmr/m/n/12 nlm . nih .
 []


Underfull \hbox (badness 10000) in paragraph at lines 128--128
\T1/cmr/m/n/12 gov /
 []


Underfull \hbox (badness 10000) in paragraph at lines 128--128
\T1/cmr/m/n/12 record /
 []


Underfull \hbox (badness 10000) in paragraph at lines 128--128
\T1/cmr/m/n/12 ui ? ui =
 []


Overfull \hbox (4.51035pt too wide) in paragraph at lines 129--129
[]|\T1/cmr/m/n/12 Documento| 
 []


Overfull \hbox (7.69952pt too wide) in paragraph at lines 130--130
[]|\T1/cmr/m/n/12 Identificador| 
 []


Overfull \hbox (6.72476pt too wide) in paragraph at lines 130--130
[]|\T1/cmr/m/n/12 identificador
 []


Overfull \hbox (4.26125pt too wide) in paragraph at lines 130--130
[]|\T1/cmr/m/n/12 Revista| 
 []


Overfull \hbox (4.51035pt too wide) in paragraph at lines 130--130
[]|\T1/cmr/m/n/12 Documento| 
 []


Overfull \hbox (7.69952pt too wide) in paragraph at lines 131--131
[]|\T1/cmr/m/n/12 Identificador| 
 []


Overfull \hbox (6.72476pt too wide) in paragraph at lines 131--131
[]|\T1/cmr/m/n/12 identificador
 []


Overfull \hbox (4.51035pt too wide) in paragraph at lines 131--131
[]|\T1/cmr/m/n/12 Documento| 
 []


Overfull \hbox (7.69952pt too wide) in paragraph at lines 132--132
[]|\T1/cmr/m/n/12 Identificador| 
 []


Overfull \hbox (6.72476pt too wide) in paragraph at lines 132--132
[]|\T1/cmr/m/n/12 identificador
 []


Overfull \hbox (4.51035pt too wide) in paragraph at lines 132--132
[]|\T1/cmr/m/n/12 Documento| 
 []


Overfull \hbox (4.51035pt too wide) in paragraph at lines 133--133
[]|\T1/cmr/m/n/12 Documento| 
 []


Underfull \hbox (badness 10000) in paragraph at lines 134--134
[]|\T1/cmr/m/n/12 Palabras
 []


Overfull \hbox (4.51035pt too wide) in paragraph at lines 134--134
[]|\T1/cmr/m/n/12 Documento| 
 []


Underfull \hbox (badness 10000) in paragraph at lines 135--135
[]|\T1/cmr/m/n/12 Terminos
 []


Overfull \hbox (4.51035pt too wide) in paragraph at lines 135--135
[]|\T1/cmr/m/n/12 Documento| 
 []


Overfull \hbox (4.51035pt too wide) in paragraph at lines 136--136
[]|\T1/cmr/m/n/12 Documento| 
 []


Overfull \hbox (3.5227pt too wide) in paragraph at lines 137--137
[]|\T1/cmr/m/n/12 Adscripción
 []


Overfull \hbox (4.51035pt too wide) in paragraph at lines 137--137
[]|\T1/cmr/m/n/12 Documento| 
 []


Overfull \hbox (4.51035pt too wide) in paragraph at lines 138--138
[]|\T1/cmr/m/n/12 Documento| 
 []


Overfull \hbox (4.51035pt too wide) in paragraph at lines 139--139
[]|\T1/cmr/m/n/12 Documento| 
 []


Underfull \hbox (badness 10000) in paragraph at lines 140--140
[]|\T1/cmr/m/n/12 Fecha de
 []


Underfull \hbox (badness 10000) in paragraph at lines 140--140
\T1/cmr/m/n/12 pu-bli-ca-
 []


Overfull \hbox (4.51035pt too wide) in paragraph at lines 140--140
[]|\T1/cmr/m/n/12 Documento| 
 []


Overfull \hbox (4.51035pt too wide) in paragraph at lines 141--141
[]|\T1/cmr/m/n/12 Documento| 
 []


Overfull \hbox (4.51035pt too wide) in paragraph at lines 142--142
[]|\T1/cmr/m/n/12 Documento| 
 []

LaTeX Info: Redefining \sptext on input line 145.
LaTeX Info: Redefining \. on input line 145.
LaTeX Info: Redefining \% on input line 145.
[14]
LaTeX Info: Redefining \sptext on input line 145.
LaTeX Info: Redefining \. on input line 145.
LaTeX Info: Redefining \% on input line 145.
 [15]
LaTeX Info: Redefining \sptext on input line 145.
LaTeX Info: Redefining \. on input line 145.
LaTeX Info: Redefining \% on input line 145.
 [16]
LaTeX Info: Redefining \sptext on input line 145.
LaTeX Info: Redefining \. on input line 145.
LaTeX Info: Redefining \% on input line 145.
 [17]
LaTeX Info: Redefining \sptext on input line 150.
LaTeX Info: Redefining \. on input line 150.
LaTeX Info: Redefining \% on input line 150.
 [18]
LaTeX Info: Redefining \sptext on input line 181.
LaTeX Info: Redefining \. on input line 181.
LaTeX Info: Redefining \% on input line 181.
 [19])
LaTeX Info: Redefining \sptext on input line 137.
LaTeX Info: Redefining \. on input line 137.
LaTeX Info: Redefining \% on input line 137.
 [20]
\openout2 = `resultados.aux'.

 (resultados.tex
  3.
<Imagenes/consulta0.png, id=289, 1029.6066pt x 232.2276pt>
File: Imagenes/consulta0.png Graphic file (type png)
<use Imagenes/consulta0.png>
Package pdftex.def Info: Imagenes/consulta0.png  used on input line 9.
(pdftex.def)             Requested size: 458.91495pt x 103.50572pt.
)
Underfull \hbox (badness 10000) in paragraph at lines 13--138

 []

[21





pdfTeX warning (ext4): destination with the same identifier (name{figure.3.1}) has been already used, duplicate ignored
<argument> ...shipout:D \box_use:N \l_shipout_box 
                                                  \__shipout_drop_firstpage_...
l.138 \include{resultados}
                           <./Imagenes/consulta0.png>]
\openout2 = `discusion.aux'.

 (discusion.tex
  4.
) [22




]
\openout2 = `append.aux'.

 (append.tex
Ap\'{e}ndice A.
) [23




] [24




] (c:\Users\mmrp2\Documents\MINERVA\git\analisis-de-la-cienciometria-en-biociencias\tesis analisis de la cienciometria en biociencias\version2\tesis_minerva\build\document.aux
LaTeX Info: Redefining \sptext on input line 12.
LaTeX Info: Redefining \. on input line 12.
LaTeX Info: Redefining \% on input line 12.
 (c:\Users\mmrp2\Documents\MINERVA\git\analisis-de-la-cienciometria-en-biociencias\tesis analisis de la cienciometria en biociencias\version2\tesis_minerva\build\introduccion.aux) (c:\Users\mmrp2\Documents\MINERVA\git\analisis-de-la-cienciometria-en-biociencias\tesis analisis de la cienciometria en biociencias\version2\tesis_minerva\build\material_metodo.aux) (c:\Users\mmrp2\Documents\MINERVA\git\analisis-de-la-cienciometria-en-biociencias\tesis analisis de la cienciometria en biociencias\version2\tesis_minerva\build\resultados.aux) (c:\Users\mmrp2\Documents\MINERVA\git\analisis-de-la-cienciometria-en-biociencias\tesis analisis de la cienciometria en biociencias\version2\tesis_minerva\build\discusion.aux) (c:\Users\mmrp2\Documents\MINERVA\git\analisis-de-la-cienciometria-en-biociencias\tesis analisis de la cienciometria en biociencias\version2\tesis_minerva\build\append.aux))
 ***********
LaTeX2e <2023-11-01> patch level 1
L3 programming layer <2024-01-04>
 ***********
Package rerunfilecheck Info: File `document.out' has not changed.
(rerunfilecheck)             Checksum: 4C8FD66C21B488B963F539D9E8BBE25B;4987.
Package logreq Info: Writing requests to 'document.run.xml'.
\openout1 = `document.run.xml'.

 )
(\end occurred inside a group at level 5)

### semi simple group (level 5) entered at line 3 (\begingroup)
### semi simple group (level 4) entered at line 3 (\begingroup)
### semi simple group (level 3) entered at line 4 (\begingroup)
### semi simple group (level 2) entered at line 4 (\begingroup)
### semi simple group (level 1) entered at line 5 (\begingroup)
### bottom level 
Here is how much of TeX's memory you used:
 33698 strings out of 474486
 629484 string characters out of 5753570
 2013542 words of memory out of 5000000
 55369 multiletter control sequences out of 15000+600000
 575527 words of font info for 77 fonts, out of 8000000 for 9000
 1141 hyphenation exceptions out of 8191
 84i,8n,93p,1054b,2849s stack positions out of 10000i,1000n,20000p,200000b,200000s
 <C:\Users\mmrp2\AppData\Local\MiKTeX\fonts/pk/ljfour/jknappen/ec/dpi600\tcrm1200.pk> <C:\Users\mmrp2\AppData\Local\MiKTeX\fonts/pk/ljfour/jknappen/ec/dpi600\ecti1200.pk> <C:\Users\mmrp2\AppData\Local\MiKTeX\fonts/pk/ljfour/jknappen/ec/dpi600\ecbx1440.pk> <C:\Users\mmrp2\AppData\Local\MiKTeX\fonts/pk/ljfour/jknappen/ec/dpi600\ecbx1728.pk> <C:\Users\mmrp2\AppData\Local\MiKTeX\fonts/pk/ljfour/jknappen/ec/dpi600\ecsl1200.pk> <C:\Users\mmrp2\AppData\Local\MiKTeX\fonts/pk/ljfour/jknappen/ec/dpi600\ecrm1200.pk> <C:\Users\mmrp2\AppData\Local\MiKTeX\fonts/pk/ljfour/jknappen/ec/dpi600\ecbx1200.pk> <C:\Users\mmrp2\AppData\Local\MiKTeX\fonts/pk/ljfour/jknappen/ec/dpi600\ecbx2488.pk> <C:\Users\mmrp2\AppData\Local\MiKTeX\fonts/pk/ljfour/jknappen/ec/dpi600\ecrm1440.pk> <C:\Users\mmrp2\AppData\Local\MiKTeX\fonts/pk/ljfour/jknappen/ec/dpi600\eccc2074.pk> <C:\Users\mmrp2\AppData\Local\MiKTeX\fonts/pk/ljfour/jknappen/ec/dpi600\eccc1200.pk> <C:\Users\mmrp2\AppData\Local\MiKTeX\fonts/pk/ljfour/jknappen/ec/dpi600\eccc1440.pk><C:/Program Files/MiKTeX/fonts/type1/public/amsfonts/cm/cmmi12.pfb><C:/Program Files/MiKTeX/fonts/type1/public/amsfonts/cm/cmr12.pfb><C:/Program Files/MiKTeX/fonts/type1/public/amsfonts/cm/cmr8.pfb>
Output written on "c:\Users\mmrp2\Documents\MINERVA\git\analisis-de-la-cienciometria-en-biociencias\tesis analisis de la cienciometria en biociencias\version2\tesis_minerva\build\document.pdf" (25 pages, 446190 bytes).
PDF statistics:
 760 PDF objects out of 1000 (max. 8388607)
 64 named destinations out of 1000 (max. 500000)
 252 words of extra memory for PDF output out of 10000 (max. 10000000)

